<?xml version="1.0" encoding="UTF-8"?>
<!--

    Copyright 2015 European Commission

    Licensed under the EUPL, Version 1.1 or â€“ as soon they will be approved by the European Commission - subsequent versions of the EUPL (the "Licence");
    You may not use this work except in compliance with the Licence.
    You may obtain a copy of the Licence at:

        https://joinup.ec.europa.eu/software/page/eupl

    Unless required by applicable law or agreed to in writing, software distributed under the Licence is distributed on an "AS IS" basis,
    WITHOUT WARRANTIES OR CONDITIONS OF ANY KIND, either express or implied.
    See the Licence for the specific language governing permissions and limitations under the Licence.

-->
<beans xmlns="http://www.springframework.org/schema/beans"
       xmlns:jpa="http://www.springframework.org/schema/data/jpa"
       xmlns:xsi="http://www.w3.org/2001/XMLSchema-instance"
       xsi:schemaLocation="http://www.springframework.org/schema/beans http://www.springframework.org/schema/beans/spring-beans.xsd
                           http://www.springframework.org/schema/data/jpa http://www.springframework.org/schema/data/jpa/spring-jpa.xsd">

    <jpa:repositories base-package="eu.europa.ec.leos.repositories"/>

    <bean id="jdbcTemplate" class="org.springframework.jdbc.core.JdbcTemplate">
        <property name="dataSource" ref="dataSource"/>
    </bean>

    <bean class="eu.europa.ec.leos.test.support.repositories.InsertDbHelper"/>

    <bean class="eu.europa.ec.leos.test.support.repositories.ReaderDbHelper"/>

</beans>